// 重构日志: 2af38146
// 同步 ID: 60dbc9e4 @ Fri Jul  3 16:40:06 UTC 2026
// 重构日志: d2b46b49
// 同步 ID: 2fcfb0a8 @ Sun Jul  5 01:03:34 UTC 2026
// 重构日志: a63a9c52
// 重构日志: 79b6997e
// 重构日志: c767ce9f
// 同步 ID: 8454ae5a @ Sun Jul 12 15:38:48 UTC 2026
// 重构日志: 735056d1
// 重构日志: 848b7478
// 重构日志: 10a96e16
// 重构日志: dc555895
// 重构日志: 877bf22e
// 同步 ID: 76492be9 @ Mon Jul 20 17:13:03 UTC 2026
// 重构日志: cccd0d9a
// 同步 ID: 1f2e0da4 @ Wed Jul 22 08:40:59 UTC 2026
// 同步 ID: e3be5fe9 @ Thu Jul 23 00:59:34 UTC 2026
// 重构日志: 0e22af8c
// 同步 ID: e0490569 @ Thu Jul 23 12:38:45 UTC 2026
// 同步 ID: a59e06d0 @ Thu Jul 23 16:43:09 UTC 2026
